
*** Running vivado
    with args -log top_SNN.vdi -applog -m64 -product Vivado -messageDb vivado.pb -mode batch -source top_SNN.tcl -notrace



****** Vivado v2022.2 (64-bit)
  **** SW Build 3671981 on Fri Oct 14 05:00:03 MDT 2022
  **** IP Build 3669848 on Fri Oct 14 08:30:02 MDT 2022
    ** Copyright 1986-2022 Xilinx, Inc. All Rights Reserved.

source top_SNN.tcl -notrace
Command: link_design -top top_SNN -part xc7a100tcsg324-1
Design is defaulting to srcset: sources_1
Design is defaulting to constrset: constrs_1
INFO: [Device 21-403] Loading part xc7a100tcsg324-1
Netlist sorting complete. Time (s): cpu = 00:00:00 ; elapsed = 00:00:00.151 . Memory (MB): peak = 817.477 ; gain = 0.000
INFO: [Netlist 29-17] Analyzing 2628 Unisim elements for replacement
INFO: [Netlist 29-28] Unisim Transformation completed in 0 CPU seconds
INFO: [Project 1-479] Netlist was created with Vivado 2022.2
INFO: [Project 1-570] Preparing netlist for logic optimization
Parsing XDC File [C:/Users/rober/OneDrive/universita/anno2/tirocinio/fpga_implementation/project_1/project_1.srcs/constrs_1/new/constr1.xdc]
Finished Parsing XDC File [C:/Users/rober/OneDrive/universita/anno2/tirocinio/fpga_implementation/project_1/project_1.srcs/constrs_1/new/constr1.xdc]
INFO: [Opt 31-138] Pushed 0 inverter(s) to 0 load pin(s).
Netlist sorting complete. Time (s): cpu = 00:00:00 ; elapsed = 00:00:00.004 . Memory (MB): peak = 968.820 ; gain = 0.000
INFO: [Project 1-111] Unisim Transformation Summary:
  A total of 1 instances were transformed.
  LDCP => LDCP (GND, LDCE, LUT3(x2), VCC): 1 instance 

7 Infos, 0 Warnings, 0 Critical Warnings and 0 Errors encountered.
link_design completed successfully
link_design: Time (s): cpu = 00:00:07 ; elapsed = 00:00:08 . Memory (MB): peak = 968.820 ; gain = 578.879
Command: opt_design
Attempting to get a license for feature 'Implementation' and/or device 'xc7a100t'
INFO: [Common 17-349] Got license for feature 'Implementation' and/or device 'xc7a100t'
Running DRC as a precondition to command opt_design

Starting DRC Task
INFO: [DRC 23-27] Running DRC with 2 threads
INFO: [Project 1-461] DRC finished with 0 Errors
INFO: [Project 1-462] Please refer to the DRC report (report_drc) for more information.

Time (s): cpu = 00:00:01 ; elapsed = 00:00:00.864 . Memory (MB): peak = 990.855 ; gain = 22.035

Starting Cache Timing Information Task
INFO: [Timing 38-35] Done setting XDC timing constraints.
Ending Cache Timing Information Task | Checksum: a0db2612

Time (s): cpu = 00:00:07 ; elapsed = 00:00:07 . Memory (MB): peak = 1547.074 ; gain = 556.219

Starting Logic Optimization Task

Phase 1 Retarget
INFO: [Opt 31-138] Pushed 0 inverter(s) to 0 load pin(s).
INFO: [Opt 31-49] Retargeted 0 cell(s).
Phase 1 Retarget | Checksum: a0db2612

Time (s): cpu = 00:00:00 ; elapsed = 00:00:00.695 . Memory (MB): peak = 1883.613 ; gain = 0.000
INFO: [Opt 31-389] Phase Retarget created 0 cells and removed 0 cells

Phase 2 Constant propagation
INFO: [Opt 31-138] Pushed 0 inverter(s) to 0 load pin(s).
Phase 2 Constant propagation | Checksum: 18a78060b

Time (s): cpu = 00:00:00 ; elapsed = 00:00:00.867 . Memory (MB): peak = 1883.613 ; gain = 0.000
INFO: [Opt 31-389] Phase Constant propagation created 0 cells and removed 0 cells

Phase 3 Sweep
Phase 3 Sweep | Checksum: 167ed393e

Time (s): cpu = 00:00:01 ; elapsed = 00:00:01 . Memory (MB): peak = 1883.613 ; gain = 0.000
INFO: [Opt 31-389] Phase Sweep created 0 cells and removed 0 cells

Phase 4 BUFG optimization
Phase 4 BUFG optimization | Checksum: 167ed393e

Time (s): cpu = 00:00:01 ; elapsed = 00:00:01 . Memory (MB): peak = 1883.613 ; gain = 0.000
INFO: [Opt 31-662] Phase BUFG optimization created 0 cells of which 0 are BUFGs and removed 0 cells.

Phase 5 Shift Register Optimization
INFO: [Opt 31-1064] SRL Remap converted 0 SRLs to 0 registers and converted 0 registers of register chains to 0 SRLs
Phase 5 Shift Register Optimization | Checksum: 167ed393e

Time (s): cpu = 00:00:01 ; elapsed = 00:00:01 . Memory (MB): peak = 1883.613 ; gain = 0.000
INFO: [Opt 31-389] Phase Shift Register Optimization created 0 cells and removed 0 cells

Phase 6 Post Processing Netlist
Phase 6 Post Processing Netlist | Checksum: 167ed393e

Time (s): cpu = 00:00:01 ; elapsed = 00:00:01 . Memory (MB): peak = 1883.613 ; gain = 0.000
INFO: [Opt 31-389] Phase Post Processing Netlist created 0 cells and removed 0 cells
Opt_design Change Summary
=========================


-------------------------------------------------------------------------------------------------------------------------
|  Phase                        |  #Cells created  |  #Cells Removed  |  #Constrained objects preventing optimizations  |
-------------------------------------------------------------------------------------------------------------------------
|  Retarget                     |               0  |               0  |                                              0  |
|  Constant propagation         |               0  |               0  |                                              0  |
|  Sweep                        |               0  |               0  |                                              0  |
|  BUFG optimization            |               0  |               0  |                                              0  |
|  Shift Register Optimization  |               0  |               0  |                                              0  |
|  Post Processing Netlist      |               0  |               0  |                                              0  |
-------------------------------------------------------------------------------------------------------------------------



Starting Connectivity Check Task

Time (s): cpu = 00:00:00 ; elapsed = 00:00:00.029 . Memory (MB): peak = 1883.613 ; gain = 0.000
Ending Logic Optimization Task | Checksum: 14152c78e

Time (s): cpu = 00:00:02 ; elapsed = 00:00:02 . Memory (MB): peak = 1883.613 ; gain = 0.000

Starting Power Optimization Task
INFO: [Pwropt 34-132] Skipping clock gating for clocks with a period < 2.00 ns.
Ending Power Optimization Task | Checksum: 14152c78e

Time (s): cpu = 00:00:00 ; elapsed = 00:00:00.017 . Memory (MB): peak = 1883.613 ; gain = 0.000

Starting Final Cleanup Task
Ending Final Cleanup Task | Checksum: 14152c78e

Time (s): cpu = 00:00:00 ; elapsed = 00:00:00.002 . Memory (MB): peak = 1883.613 ; gain = 0.000

Starting Netlist Obfuscation Task
Netlist sorting complete. Time (s): cpu = 00:00:00 ; elapsed = 00:00:00.004 . Memory (MB): peak = 1883.613 ; gain = 0.000
Ending Netlist Obfuscation Task | Checksum: 14152c78e

Time (s): cpu = 00:00:00 ; elapsed = 00:00:00.006 . Memory (MB): peak = 1883.613 ; gain = 0.000
INFO: [Common 17-83] Releasing license: Implementation
24 Infos, 0 Warnings, 0 Critical Warnings and 0 Errors encountered.
opt_design completed successfully
opt_design: Time (s): cpu = 00:00:12 ; elapsed = 00:00:13 . Memory (MB): peak = 1883.613 ; gain = 914.793
INFO: [Timing 38-480] Writing timing data to binary archive.
Writing XDEF routing.
Writing XDEF routing logical nets.
Writing XDEF routing special nets.
Write XDEF Complete: Time (s): cpu = 00:00:00 ; elapsed = 00:00:00.025 . Memory (MB): peak = 1883.613 ; gain = 0.000
INFO: [Common 17-1381] The checkpoint 'C:/Users/rober/OneDrive/universita/anno2/tirocinio/fpga_implementation/project_1/project_1.runs/impl_1/top_SNN_opt.dcp' has been generated.
INFO: [runtcl-4] Executing : report_drc -file top_SNN_drc_opted.rpt -pb top_SNN_drc_opted.pb -rpx top_SNN_drc_opted.rpx
Command: report_drc -file top_SNN_drc_opted.rpt -pb top_SNN_drc_opted.pb -rpx top_SNN_drc_opted.rpx
INFO: [IP_Flow 19-234] Refreshing IP repositories
INFO: [IP_Flow 19-1704] No user IP repositories specified
INFO: [IP_Flow 19-2313] Loaded Vivado IP repository 'C:/Xilinx/Vivado/2022.2/data/ip'.
INFO: [DRC 23-27] Running DRC with 2 threads
INFO: [Vivado_Tcl 2-168] The results of DRC are in file C:/Users/rober/OneDrive/universita/anno2/tirocinio/fpga_implementation/project_1/project_1.runs/impl_1/top_SNN_drc_opted.rpt.
report_drc completed successfully
Command: place_design
Attempting to get a license for feature 'Implementation' and/or device 'xc7a100t'
INFO: [Common 17-349] Got license for feature 'Implementation' and/or device 'xc7a100t'
INFO: [DRC 23-27] Running DRC with 2 threads
INFO: [Vivado_Tcl 4-198] DRC finished with 0 Errors
INFO: [Vivado_Tcl 4-199] Please refer to the DRC report (report_drc) for more information.
Running DRC as a precondition to command place_design
INFO: [DRC 23-27] Running DRC with 2 threads
INFO: [Vivado_Tcl 4-198] DRC finished with 0 Errors
INFO: [Vivado_Tcl 4-199] Please refer to the DRC report (report_drc) for more information.

Starting Placer Task
INFO: [Place 30-611] Multithreading enabled for place_design using a maximum of 2 CPUs

Phase 1 Placer Initialization

Phase 1.1 Placer Initialization Netlist Sorting
Netlist sorting complete. Time (s): cpu = 00:00:00 ; elapsed = 00:00:00.005 . Memory (MB): peak = 1883.613 ; gain = 0.000
Phase 1.1 Placer Initialization Netlist Sorting | Checksum: 4327c702

Time (s): cpu = 00:00:00 ; elapsed = 00:00:00.011 . Memory (MB): peak = 1883.613 ; gain = 0.000
Netlist sorting complete. Time (s): cpu = 00:00:00 ; elapsed = 00:00:00.004 . Memory (MB): peak = 1883.613 ; gain = 0.000

Phase 1.2 IO Placement/ Clock Placement/ Build Placer Device
INFO: [Timing 38-35] Done setting XDC timing constraints.
Phase 1.2 IO Placement/ Clock Placement/ Build Placer Device | Checksum: 7b900dbf

Time (s): cpu = 00:00:02 ; elapsed = 00:00:02 . Memory (MB): peak = 1883.613 ; gain = 0.000

Phase 1.3 Build Placer Netlist Model
Phase 1.3 Build Placer Netlist Model | Checksum: 167192cb2

Time (s): cpu = 00:00:04 ; elapsed = 00:00:04 . Memory (MB): peak = 1912.832 ; gain = 29.219

Phase 1.4 Constrain Clocks/Macros
Phase 1.4 Constrain Clocks/Macros | Checksum: 167192cb2

Time (s): cpu = 00:00:04 ; elapsed = 00:00:04 . Memory (MB): peak = 1912.832 ; gain = 29.219
Phase 1 Placer Initialization | Checksum: 167192cb2

Time (s): cpu = 00:00:04 ; elapsed = 00:00:04 . Memory (MB): peak = 1912.832 ; gain = 29.219

Phase 2 Global Placement

Phase 2.1 Floorplanning
Phase 2.1 Floorplanning | Checksum: df362b8f

Time (s): cpu = 00:00:04 ; elapsed = 00:00:05 . Memory (MB): peak = 1912.832 ; gain = 29.219

Phase 2.2 Update Timing before SLR Path Opt
Phase 2.2 Update Timing before SLR Path Opt | Checksum: 1453f4c6d

Time (s): cpu = 00:00:05 ; elapsed = 00:00:06 . Memory (MB): peak = 1912.832 ; gain = 29.219

Phase 2.3 Post-Processing in Floorplanning
Phase 2.3 Post-Processing in Floorplanning | Checksum: 1453f4c6d

Time (s): cpu = 00:00:05 ; elapsed = 00:00:06 . Memory (MB): peak = 1912.832 ; gain = 29.219

Phase 2.4 Global Placement Core

Phase 2.4.1 UpdateTiming Before Physical Synthesis
Phase 2.4.1 UpdateTiming Before Physical Synthesis | Checksum: 13196974d

Time (s): cpu = 00:00:10 ; elapsed = 00:00:12 . Memory (MB): peak = 1912.832 ; gain = 29.219

Phase 2.4.2 Physical Synthesis In Placer
INFO: [Physopt 32-1035] Found 0 LUTNM shape to break, 102 LUT instances to create LUTNM shape
INFO: [Physopt 32-1044] Break lutnm for timing: one critical 0, two critical 0, total 0, new lutff created 0
INFO: [Physopt 32-1138] End 1 Pass. Optimized 35 nets or LUTs. Breaked 0 LUT, combined 35 existing LUTs and moved 0 existing LUT
INFO: [Physopt 32-65] No nets found for high-fanout optimization.
INFO: [Physopt 32-232] Optimized 0 net. Created 0 new instance.
INFO: [Physopt 32-775] End 1 Pass. Optimized 0 net or cell. Created 0 new cell, deleted 0 existing cell and moved 0 existing cell
INFO: [Physopt 32-670] No setup violation found.  DSP Register Optimization was not performed.
INFO: [Physopt 32-670] No setup violation found.  Shift Register to Pipeline Optimization was not performed.
INFO: [Physopt 32-670] No setup violation found.  Shift Register Optimization was not performed.
INFO: [Physopt 32-670] No setup violation found.  BRAM Register Optimization was not performed.
INFO: [Physopt 32-670] No setup violation found.  URAM Register Optimization was not performed.
INFO: [Physopt 32-949] No candidate nets found for dynamic/static region interface net replication
INFO: [Physopt 32-775] End 1 Pass. Optimized 0 net or cell. Created 0 new cell, deleted 0 existing cell and moved 0 existing cell
Netlist sorting complete. Time (s): cpu = 00:00:00 ; elapsed = 00:00:00.004 . Memory (MB): peak = 1912.832 ; gain = 0.000

Summary of Physical Synthesis Optimizations
============================================


-----------------------------------------------------------------------------------------------------------------------------------------------------------
|  Optimization                                     |  Added Cells  |  Removed Cells  |  Optimized Cells/Nets  |  Dont Touch  |  Iterations  |  Elapsed   |
-----------------------------------------------------------------------------------------------------------------------------------------------------------
|  LUT Combining                                    |            0  |             35  |                    35  |           0  |           1  |  00:00:00  |
|  Retime                                           |            0  |              0  |                     0  |           0  |           1  |  00:00:00  |
|  Very High Fanout                                 |            0  |              0  |                     0  |           0  |           1  |  00:00:00  |
|  DSP Register                                     |            0  |              0  |                     0  |           0  |           0  |  00:00:00  |
|  Shift Register to Pipeline                       |            0  |              0  |                     0  |           0  |           0  |  00:00:00  |
|  Shift Register                                   |            0  |              0  |                     0  |           0  |           0  |  00:00:00  |
|  BRAM Register                                    |            0  |              0  |                     0  |           0  |           0  |  00:00:00  |
|  URAM Register                                    |            0  |              0  |                     0  |           0  |           0  |  00:00:00  |
|  Dynamic/Static Region Interface Net Replication  |            0  |              0  |                     0  |           0  |           1  |  00:00:00  |
|  Total                                            |            0  |             35  |                    35  |           0  |           4  |  00:00:00  |
-----------------------------------------------------------------------------------------------------------------------------------------------------------


Phase 2.4.2 Physical Synthesis In Placer | Checksum: 151cf3bdc

Time (s): cpu = 00:00:11 ; elapsed = 00:00:13 . Memory (MB): peak = 1912.832 ; gain = 29.219
Phase 2.4 Global Placement Core | Checksum: 15dfa6994

Time (s): cpu = 00:00:11 ; elapsed = 00:00:13 . Memory (MB): peak = 1912.832 ; gain = 29.219
Phase 2 Global Placement | Checksum: 15dfa6994

Time (s): cpu = 00:00:11 ; elapsed = 00:00:13 . Memory (MB): peak = 1912.832 ; gain = 29.219

Phase 3 Detail Placement

Phase 3.1 Commit Multi Column Macros
Phase 3.1 Commit Multi Column Macros | Checksum: 1420ab4da

Time (s): cpu = 00:00:12 ; elapsed = 00:00:14 . Memory (MB): peak = 1912.832 ; gain = 29.219

Phase 3.2 Commit Most Macros & LUTRAMs
Phase 3.2 Commit Most Macros & LUTRAMs | Checksum: 10ea43535

Time (s): cpu = 00:00:13 ; elapsed = 00:00:16 . Memory (MB): peak = 1912.832 ; gain = 29.219

Phase 3.3 Area Swap Optimization
Phase 3.3 Area Swap Optimization | Checksum: 101e06774

Time (s): cpu = 00:00:13 ; elapsed = 00:00:16 . Memory (MB): peak = 1912.832 ; gain = 29.219

Phase 3.4 Pipeline Register Optimization
Phase 3.4 Pipeline Register Optimization | Checksum: 1e58ef03b

Time (s): cpu = 00:00:13 ; elapsed = 00:00:16 . Memory (MB): peak = 1912.832 ; gain = 29.219

Phase 3.5 Small Shape Detail Placement
Phase 3.5 Small Shape Detail Placement | Checksum: 12f9b8a47

Time (s): cpu = 00:00:16 ; elapsed = 00:00:20 . Memory (MB): peak = 1912.832 ; gain = 29.219

Phase 3.6 Re-assign LUT pins
Phase 3.6 Re-assign LUT pins | Checksum: 105ce1136

Time (s): cpu = 00:00:17 ; elapsed = 00:00:21 . Memory (MB): peak = 1912.832 ; gain = 29.219

Phase 3.7 Pipeline Register Optimization
Phase 3.7 Pipeline Register Optimization | Checksum: e87c857d

Time (s): cpu = 00:00:17 ; elapsed = 00:00:21 . Memory (MB): peak = 1912.832 ; gain = 29.219
Phase 3 Detail Placement | Checksum: e87c857d

Time (s): cpu = 00:00:17 ; elapsed = 00:00:21 . Memory (MB): peak = 1912.832 ; gain = 29.219

Phase 4 Post Placement Optimization and Clean-Up

Phase 4.1 Post Commit Optimization
INFO: [Timing 38-35] Done setting XDC timing constraints.

Phase 4.1.1 Post Placement Optimization
Post Placement Optimization Initialization | Checksum: fd05bcc6

Phase 4.1.1.1 BUFG Insertion

Starting Physical Synthesis Task

Phase 1 Physical Synthesis Initialization
INFO: [Physopt 32-721] Multithreading enabled for phys_opt_design using a maximum of 2 CPUs
INFO: [Physopt 32-619] Estimated Timing Summary | WNS=0.791 | TNS=0.000 |
Phase 1 Physical Synthesis Initialization | Checksum: 1e67f80b7

Time (s): cpu = 00:00:00 ; elapsed = 00:00:00.447 . Memory (MB): peak = 1953.246 ; gain = 0.000
INFO: [Place 46-56] BUFG insertion identified 0 candidate nets. Inserted BUFG: 0, Replicated BUFG Driver: 0, Skipped due to Placement/Routing Conflicts: 0, Skipped due to Timing Degradation: 0, Skipped due to Illegal Netlist: 0.
Ending Physical Synthesis Task | Checksum: 16516e9d6

Time (s): cpu = 00:00:00 ; elapsed = 00:00:00.548 . Memory (MB): peak = 1953.246 ; gain = 0.000
Phase 4.1.1.1 BUFG Insertion | Checksum: fd05bcc6

Time (s): cpu = 00:00:19 ; elapsed = 00:00:25 . Memory (MB): peak = 1953.246 ; gain = 69.633

Phase 4.1.1.2 Post Placement Timing Optimization
INFO: [Place 30-746] Post Placement Timing Summary WNS=0.791. For the most accurate timing information please run report_timing.
Phase 4.1.1.2 Post Placement Timing Optimization | Checksum: 1148db669

Time (s): cpu = 00:00:19 ; elapsed = 00:00:25 . Memory (MB): peak = 1953.246 ; gain = 69.633

Time (s): cpu = 00:00:19 ; elapsed = 00:00:25 . Memory (MB): peak = 1953.246 ; gain = 69.633
Phase 4.1 Post Commit Optimization | Checksum: 1148db669

Time (s): cpu = 00:00:20 ; elapsed = 00:00:25 . Memory (MB): peak = 1953.246 ; gain = 69.633

Phase 4.2 Post Placement Cleanup
Phase 4.2 Post Placement Cleanup | Checksum: 1148db669

Time (s): cpu = 00:00:20 ; elapsed = 00:00:25 . Memory (MB): peak = 1953.246 ; gain = 69.633

Phase 4.3 Placer Reporting

Phase 4.3.1 Print Estimated Congestion
INFO: [Place 30-612] Post-Placement Estimated Congestion 
 ____________________________________________________
|           | Global Congestion | Short Congestion  |
| Direction | Region Size       | Region Size       |
|___________|___________________|___________________|
|      North|                1x1|                2x2|
|___________|___________________|___________________|
|      South|                1x1|                1x1|
|___________|___________________|___________________|
|       East|                1x1|                1x1|
|___________|___________________|___________________|
|       West|                1x1|                1x1|
|___________|___________________|___________________|

Phase 4.3.1 Print Estimated Congestion | Checksum: 1148db669

Time (s): cpu = 00:00:20 ; elapsed = 00:00:25 . Memory (MB): peak = 1953.246 ; gain = 69.633
Phase 4.3 Placer Reporting | Checksum: 1148db669

Time (s): cpu = 00:00:20 ; elapsed = 00:00:25 . Memory (MB): peak = 1953.246 ; gain = 69.633

Phase 4.4 Final Placement Cleanup
Netlist sorting complete. Time (s): cpu = 00:00:00 ; elapsed = 00:00:00.004 . Memory (MB): peak = 1953.246 ; gain = 0.000

Time (s): cpu = 00:00:20 ; elapsed = 00:00:25 . Memory (MB): peak = 1953.246 ; gain = 69.633
Phase 4 Post Placement Optimization and Clean-Up | Checksum: 17ae5f283

Time (s): cpu = 00:00:20 ; elapsed = 00:00:25 . Memory (MB): peak = 1953.246 ; gain = 69.633
Ending Placer Task | Checksum: cd442564

Time (s): cpu = 00:00:20 ; elapsed = 00:00:25 . Memory (MB): peak = 1953.246 ; gain = 69.633
INFO: [Common 17-83] Releasing license: Implementation
61 Infos, 0 Warnings, 0 Critical Warnings and 0 Errors encountered.
place_design completed successfully
place_design: Time (s): cpu = 00:00:21 ; elapsed = 00:00:26 . Memory (MB): peak = 1953.246 ; gain = 69.633
INFO: [Timing 38-480] Writing timing data to binary archive.
Writing XDEF routing.
Writing XDEF routing logical nets.
Writing XDEF routing special nets.
Write XDEF Complete: Time (s): cpu = 00:00:02 ; elapsed = 00:00:01 . Memory (MB): peak = 1953.246 ; gain = 0.000
INFO: [Common 17-1381] The checkpoint 'C:/Users/rober/OneDrive/universita/anno2/tirocinio/fpga_implementation/project_1/project_1.runs/impl_1/top_SNN_placed.dcp' has been generated.
INFO: [runtcl-4] Executing : report_io -file top_SNN_io_placed.rpt
report_io: Time (s): cpu = 00:00:00 ; elapsed = 00:00:00.036 . Memory (MB): peak = 1953.246 ; gain = 0.000
INFO: [runtcl-4] Executing : report_utilization -file top_SNN_utilization_placed.rpt -pb top_SNN_utilization_placed.pb
INFO: [runtcl-4] Executing : report_control_sets -verbose -file top_SNN_control_sets_placed.rpt
report_control_sets: Time (s): cpu = 00:00:00 ; elapsed = 00:00:00.029 . Memory (MB): peak = 1953.246 ; gain = 0.000
Command: phys_opt_design
Attempting to get a license for feature 'Implementation' and/or device 'xc7a100t'
INFO: [Common 17-349] Got license for feature 'Implementation' and/or device 'xc7a100t'

Starting Initial Update Timing Task

Time (s): cpu = 00:00:01 ; elapsed = 00:00:02 . Memory (MB): peak = 1966.906 ; gain = 13.660
INFO: [Vivado_Tcl 4-383] Design worst setup slack (WNS) is greater than or equal to 0.000 ns. Skipping all physical synthesis optimizations.
INFO: [Vivado_Tcl 4-232] No setup violation found. The netlist was not modified.
INFO: [Common 17-83] Releasing license: Implementation
70 Infos, 0 Warnings, 0 Critical Warnings and 0 Errors encountered.
phys_opt_design completed successfully
INFO: [Timing 38-480] Writing timing data to binary archive.
Writing XDEF routing.
Writing XDEF routing logical nets.
Writing XDEF routing special nets.
Write XDEF Complete: Time (s): cpu = 00:00:02 ; elapsed = 00:00:01 . Memory (MB): peak = 1983.641 ; gain = 16.734
INFO: [Common 17-1381] The checkpoint 'C:/Users/rober/OneDrive/universita/anno2/tirocinio/fpga_implementation/project_1/project_1.runs/impl_1/top_SNN_physopt.dcp' has been generated.
Command: route_design
Attempting to get a license for feature 'Implementation' and/or device 'xc7a100t'
INFO: [Common 17-349] Got license for feature 'Implementation' and/or device 'xc7a100t'
Running DRC as a precondition to command route_design
INFO: [DRC 23-27] Running DRC with 2 threads
INFO: [Vivado_Tcl 4-198] DRC finished with 0 Errors
INFO: [Vivado_Tcl 4-199] Please refer to the DRC report (report_drc) for more information.


Starting Routing Task
INFO: [Route 35-254] Multithreading enabled for route_design using a maximum of 2 CPUs

Phase 1 Build RT Design
Checksum: PlaceDB: 14b13c9b ConstDB: 0 ShapeSum: b892e8c9 RouteDB: 0
Post Restoration Checksum: NetGraph: 1743926a NumContArr: 28d770d1 Constraints: 0 Timing: 0
Phase 1 Build RT Design | Checksum: 401b033b

Time (s): cpu = 00:00:29 ; elapsed = 00:00:28 . Memory (MB): peak = 2100.707 ; gain = 105.078

Phase 2 Router Initialization

Phase 2.1 Fix Topology Constraints
Phase 2.1 Fix Topology Constraints | Checksum: 401b033b

Time (s): cpu = 00:00:29 ; elapsed = 00:00:28 . Memory (MB): peak = 2106.785 ; gain = 111.156

Phase 2.2 Pre Route Cleanup
Phase 2.2 Pre Route Cleanup | Checksum: 401b033b

Time (s): cpu = 00:00:29 ; elapsed = 00:00:28 . Memory (MB): peak = 2106.785 ; gain = 111.156
 Number of Nodes with overlaps = 0

Phase 2.3 Update Timing
Phase 2.3 Update Timing | Checksum: 20849c402

Time (s): cpu = 00:00:32 ; elapsed = 00:00:32 . Memory (MB): peak = 2138.227 ; gain = 142.598
INFO: [Route 35-416] Intermediate Timing Summary | WNS=1.061  | TNS=0.000  | WHS=-0.148 | THS=-149.562|


Router Utilization Summary
  Global Vertical Routing Utilization    = 0.0697219 %
  Global Horizontal Routing Utilization  = 0.0656436 %
  Routable Net Status*
  *Does not include unroutable nets such as driverless and loadless.
  Run report_route_status for detailed report.
  Number of Failed Nets               = 16267
    (Failed Nets is the sum of unrouted and partially routed nets)
  Number of Unrouted Nets             = 16214
  Number of Partially Routed Nets     = 53
  Number of Node Overlaps             = 175

Phase 2 Router Initialization | Checksum: 1ec2117cf

Time (s): cpu = 00:00:33 ; elapsed = 00:00:34 . Memory (MB): peak = 2152.039 ; gain = 156.410

Phase 3 Initial Routing

Phase 3.1 Global Routing
Phase 3.1 Global Routing | Checksum: 1ec2117cf

Time (s): cpu = 00:00:33 ; elapsed = 00:00:34 . Memory (MB): peak = 2152.039 ; gain = 156.410
Phase 3 Initial Routing | Checksum: 2a9b24eac

Time (s): cpu = 00:00:34 ; elapsed = 00:00:35 . Memory (MB): peak = 2168.305 ; gain = 172.676

Phase 4 Rip-up And Reroute

Phase 4.1 Global Iteration 0
 Number of Nodes with overlaps = 1158
 Number of Nodes with overlaps = 34
 Number of Nodes with overlaps = 16
 Number of Nodes with overlaps = 9
 Number of Nodes with overlaps = 2
 Number of Nodes with overlaps = 2
 Number of Nodes with overlaps = 3
 Number of Nodes with overlaps = 1
 Number of Nodes with overlaps = 0
INFO: [Route 35-416] Intermediate Timing Summary | WNS=1.355  | TNS=0.000  | WHS=N/A    | THS=N/A    |

Phase 4.1 Global Iteration 0 | Checksum: a44e4e16

Time (s): cpu = 00:00:38 ; elapsed = 00:00:41 . Memory (MB): peak = 2168.305 ; gain = 172.676
Phase 4 Rip-up And Reroute | Checksum: a44e4e16

Time (s): cpu = 00:00:38 ; elapsed = 00:00:41 . Memory (MB): peak = 2168.305 ; gain = 172.676

Phase 5 Delay and Skew Optimization

Phase 5.1 Delay CleanUp

Phase 5.1.1 Update Timing
Phase 5.1.1 Update Timing | Checksum: ca06c137

Time (s): cpu = 00:00:38 ; elapsed = 00:00:42 . Memory (MB): peak = 2168.305 ; gain = 172.676
INFO: [Route 35-416] Intermediate Timing Summary | WNS=1.355  | TNS=0.000  | WHS=N/A    | THS=N/A    |

Phase 5.1 Delay CleanUp | Checksum: ca06c137

Time (s): cpu = 00:00:38 ; elapsed = 00:00:42 . Memory (MB): peak = 2168.305 ; gain = 172.676

Phase 5.2 Clock Skew Optimization
Phase 5.2 Clock Skew Optimization | Checksum: ca06c137

Time (s): cpu = 00:00:38 ; elapsed = 00:00:42 . Memory (MB): peak = 2168.305 ; gain = 172.676
Phase 5 Delay and Skew Optimization | Checksum: ca06c137

Time (s): cpu = 00:00:38 ; elapsed = 00:00:42 . Memory (MB): peak = 2168.305 ; gain = 172.676

Phase 6 Post Hold Fix

Phase 6.1 Hold Fix Iter

Phase 6.1.1 Update Timing
Phase 6.1.1 Update Timing | Checksum: d92041ce

Time (s): cpu = 00:00:38 ; elapsed = 00:00:43 . Memory (MB): peak = 2168.305 ; gain = 172.676
INFO: [Route 35-416] Intermediate Timing Summary | WNS=1.355  | TNS=0.000  | WHS=0.049  | THS=0.000  |

Phase 6.1 Hold Fix Iter | Checksum: b49788c5

Time (s): cpu = 00:00:38 ; elapsed = 00:00:43 . Memory (MB): peak = 2168.305 ; gain = 172.676
Phase 6 Post Hold Fix | Checksum: b49788c5

Time (s): cpu = 00:00:38 ; elapsed = 00:00:43 . Memory (MB): peak = 2168.305 ; gain = 172.676

Phase 7 Route finalize

Router Utilization Summary
  Global Vertical Routing Utilization    = 2.58371 %
  Global Horizontal Routing Utilization  = 2.98096 %
  Routable Net Status*
  *Does not include unroutable nets such as driverless and loadless.
  Run report_route_status for detailed report.
  Number of Failed Nets               = 0
    (Failed Nets is the sum of unrouted and partially routed nets)
  Number of Unrouted Nets             = 0
  Number of Partially Routed Nets     = 0
  Number of Node Overlaps             = 0

Phase 7 Route finalize | Checksum: 832348db

Time (s): cpu = 00:00:39 ; elapsed = 00:00:43 . Memory (MB): peak = 2168.305 ; gain = 172.676

Phase 8 Verifying routed nets

 Verification completed successfully
Phase 8 Verifying routed nets | Checksum: 832348db

Time (s): cpu = 00:00:39 ; elapsed = 00:00:43 . Memory (MB): peak = 2168.305 ; gain = 172.676

Phase 9 Depositing Routes
Phase 9 Depositing Routes | Checksum: 47f788b6

Time (s): cpu = 00:00:40 ; elapsed = 00:00:45 . Memory (MB): peak = 2168.305 ; gain = 172.676

Phase 10 Post Router Timing
INFO: [Route 35-57] Estimated Timing Summary | WNS=1.355  | TNS=0.000  | WHS=0.049  | THS=0.000  |

INFO: [Route 35-327] The final timing numbers are based on the router estimated timing analysis. For a complete and accurate timing signoff, please run report_timing_summary.
Phase 10 Post Router Timing | Checksum: 47f788b6

Time (s): cpu = 00:00:40 ; elapsed = 00:00:45 . Memory (MB): peak = 2168.305 ; gain = 172.676
INFO: [Route 35-16] Router Completed Successfully

Time (s): cpu = 00:00:40 ; elapsed = 00:00:45 . Memory (MB): peak = 2168.305 ; gain = 172.676

Routing Is Done.
INFO: [Common 17-83] Releasing license: Implementation
85 Infos, 0 Warnings, 0 Critical Warnings and 0 Errors encountered.
route_design completed successfully
route_design: Time (s): cpu = 00:00:42 ; elapsed = 00:00:46 . Memory (MB): peak = 2168.305 ; gain = 184.664
INFO: [Timing 38-480] Writing timing data to binary archive.
Writing XDEF routing.
Writing XDEF routing logical nets.
Writing XDEF routing special nets.
Write XDEF Complete: Time (s): cpu = 00:00:02 ; elapsed = 00:00:01 . Memory (MB): peak = 2168.305 ; gain = 0.000
INFO: [Common 17-1381] The checkpoint 'C:/Users/rober/OneDrive/universita/anno2/tirocinio/fpga_implementation/project_1/project_1.runs/impl_1/top_SNN_routed.dcp' has been generated.
INFO: [runtcl-4] Executing : report_drc -file top_SNN_drc_routed.rpt -pb top_SNN_drc_routed.pb -rpx top_SNN_drc_routed.rpx
Command: report_drc -file top_SNN_drc_routed.rpt -pb top_SNN_drc_routed.pb -rpx top_SNN_drc_routed.rpx
INFO: [IP_Flow 19-1839] IP Catalog is up to date.
INFO: [DRC 23-27] Running DRC with 2 threads
INFO: [Vivado_Tcl 2-168] The results of DRC are in file C:/Users/rober/OneDrive/universita/anno2/tirocinio/fpga_implementation/project_1/project_1.runs/impl_1/top_SNN_drc_routed.rpt.
report_drc completed successfully
INFO: [runtcl-4] Executing : report_methodology -file top_SNN_methodology_drc_routed.rpt -pb top_SNN_methodology_drc_routed.pb -rpx top_SNN_methodology_drc_routed.rpx
Command: report_methodology -file top_SNN_methodology_drc_routed.rpt -pb top_SNN_methodology_drc_routed.pb -rpx top_SNN_methodology_drc_routed.rpx
INFO: [Timing 38-35] Done setting XDC timing constraints.
INFO: [DRC 23-133] Running Methodology with 2 threads
INFO: [Vivado_Tcl 2-1520] The results of Report Methodology are in file C:/Users/rober/OneDrive/universita/anno2/tirocinio/fpga_implementation/project_1/project_1.runs/impl_1/top_SNN_methodology_drc_routed.rpt.
report_methodology completed successfully
INFO: [runtcl-4] Executing : report_power -file top_SNN_power_routed.rpt -pb top_SNN_power_summary_routed.pb -rpx top_SNN_power_routed.rpx
Command: report_power -file top_SNN_power_routed.rpt -pb top_SNN_power_summary_routed.pb -rpx top_SNN_power_routed.rpx
INFO: [Timing 38-35] Done setting XDC timing constraints.
Running Vector-less Activity Propagation...

Finished Running Vector-less Activity Propagation
97 Infos, 0 Warnings, 0 Critical Warnings and 0 Errors encountered.
report_power completed successfully
report_power: Time (s): cpu = 00:00:05 ; elapsed = 00:00:05 . Memory (MB): peak = 2205.355 ; gain = 28.566
INFO: [runtcl-4] Executing : report_route_status -file top_SNN_route_status.rpt -pb top_SNN_route_status.pb
INFO: [runtcl-4] Executing : report_timing_summary -max_paths 10 -report_unconstrained -file top_SNN_timing_summary_routed.rpt -pb top_SNN_timing_summary_routed.pb -rpx top_SNN_timing_summary_routed.rpx -warn_on_violation 
INFO: [Timing 38-91] UpdateTimingParams: Speed grade: -1, Delay Type: min_max.
INFO: [Timing 38-191] Multithreading enabled for timing update using a maximum of 2 CPUs
INFO: [runtcl-4] Executing : report_incremental_reuse -file top_SNN_incremental_reuse_routed.rpt
INFO: [Vivado_Tcl 4-1062] Incremental flow is disabled. No incremental reuse Info to report.
INFO: [runtcl-4] Executing : report_clock_utilization -file top_SNN_clock_utilization_routed.rpt
INFO: [runtcl-4] Executing : report_bus_skew -warn_on_violation -file top_SNN_bus_skew_routed.rpt -pb top_SNN_bus_skew_routed.pb -rpx top_SNN_bus_skew_routed.rpx
INFO: [Timing 38-91] UpdateTimingParams: Speed grade: -1, Delay Type: min_max.
INFO: [Timing 38-191] Multithreading enabled for timing update using a maximum of 2 CPUs
INFO: [Common 17-206] Exiting Vivado at Sat Jul  1 11:48:44 2023...
