INFO: [VRFC 10-163] Analyzing VHDL file "C:/Users/rober/OneDrive/universita/anno2/tirocinio/fpga_implementation/project_1/project_1.sim/sim_1/synth/func/xsim/top_SNN_tb_func_synth.vhd" into library xil_defaultlib
INFO: [VRFC 10-3107] analyzing entity 'Neuron'
INFO: [VRFC 10-3107] analyzing entity 'Neuron_0'
INFO: [VRFC 10-3107] analyzing entity 'Neuron_1'
INFO: [VRFC 10-3107] analyzing entity 'Neuron_10'
INFO: [VRFC 10-3107] analyzing entity 'Neuron_11'
INFO: [VRFC 10-3107] analyzing entity 'Neuron_12'
INFO: [VRFC 10-3107] analyzing entity 'Neuron_13'
INFO: [VRFC 10-3107] analyzing entity 'Neuron_14'
INFO: [VRFC 10-3107] analyzing entity 'Neuron_15'
INFO: [VRFC 10-3107] analyzing entity 'Neuron_16'
INFO: [VRFC 10-3107] analyzing entity 'Neuron_17'
INFO: [VRFC 10-3107] analyzing entity 'Neuron_18'
INFO: [VRFC 10-3107] analyzing entity 'Neuron_19'
INFO: [VRFC 10-3107] analyzing entity 'Neuron_2'
INFO: [VRFC 10-3107] analyzing entity 'Neuron_20'
INFO: [VRFC 10-3107] analyzing entity 'Neuron_21'
INFO: [VRFC 10-3107] analyzing entity 'Neuron_22'
INFO: [VRFC 10-3107] analyzing entity 'Neuron_23'
INFO: [VRFC 10-3107] analyzing entity 'Neuron_24'
INFO: [VRFC 10-3107] analyzing entity 'Neuron_25'
INFO: [VRFC 10-3107] analyzing entity 'Neuron_26'
INFO: [VRFC 10-3107] analyzing entity 'Neuron_27'
INFO: [VRFC 10-3107] analyzing entity 'Neuron_28'
INFO: [VRFC 10-3107] analyzing entity 'Neuron_29'
INFO: [VRFC 10-3107] analyzing entity 'Neuron_3'
INFO: [VRFC 10-3107] analyzing entity 'Neuron_30'
INFO: [VRFC 10-3107] analyzing entity 'Neuron_31'
INFO: [VRFC 10-3107] analyzing entity 'Neuron_32'
INFO: [VRFC 10-3107] analyzing entity 'Neuron_33'
INFO: [VRFC 10-3107] analyzing entity 'Neuron_34'
INFO: [VRFC 10-3107] analyzing entity 'Neuron_35'
INFO: [VRFC 10-3107] analyzing entity 'Neuron_36'
INFO: [VRFC 10-3107] analyzing entity 'Neuron_37'
INFO: [VRFC 10-3107] analyzing entity 'Neuron_38'
INFO: [VRFC 10-3107] analyzing entity 'Neuron_39'
INFO: [VRFC 10-3107] analyzing entity 'Neuron_4'
INFO: [VRFC 10-3107] analyzing entity 'Neuron_40'
INFO: [VRFC 10-3107] analyzing entity 'Neuron_41'
INFO: [VRFC 10-3107] analyzing entity 'Neuron_42'
INFO: [VRFC 10-3107] analyzing entity 'Neuron_43'
INFO: [VRFC 10-3107] analyzing entity 'Neuron_44'
INFO: [VRFC 10-3107] analyzing entity 'Neuron_45'
INFO: [VRFC 10-3107] analyzing entity 'Neuron_46'
INFO: [VRFC 10-3107] analyzing entity 'Neuron_47'
INFO: [VRFC 10-3107] analyzing entity 'Neuron_48'
INFO: [VRFC 10-3107] analyzing entity 'Neuron_49'
INFO: [VRFC 10-3107] analyzing entity 'Neuron_5'
INFO: [VRFC 10-3107] analyzing entity 'Neuron_50'
INFO: [VRFC 10-3107] analyzing entity 'Neuron_51'
INFO: [VRFC 10-3107] analyzing entity 'Neuron_52'
INFO: [VRFC 10-3107] analyzing entity 'Neuron_53'
INFO: [VRFC 10-3107] analyzing entity 'Neuron_54'
INFO: [VRFC 10-3107] analyzing entity 'Neuron_55'
INFO: [VRFC 10-3107] analyzing entity 'Neuron_56'
INFO: [VRFC 10-3107] analyzing entity 'Neuron_57'
INFO: [VRFC 10-3107] analyzing entity 'Neuron_58'
INFO: [VRFC 10-3107] analyzing entity 'Neuron_59'
INFO: [VRFC 10-3107] analyzing entity 'Neuron_6'
INFO: [VRFC 10-3107] analyzing entity 'Neuron_60'
INFO: [VRFC 10-3107] analyzing entity 'Neuron_61'
INFO: [VRFC 10-3107] analyzing entity 'Neuron_62'
INFO: [VRFC 10-3107] analyzing entity 'Neuron_63'
INFO: [VRFC 10-3107] analyzing entity 'Neuron_64'
INFO: [VRFC 10-3107] analyzing entity 'Neuron_65'
INFO: [VRFC 10-3107] analyzing entity 'Neuron_66'
INFO: [VRFC 10-3107] analyzing entity 'Neuron_67'
INFO: [VRFC 10-3107] analyzing entity 'Neuron_68'
INFO: [VRFC 10-3107] analyzing entity 'Neuron_69'
INFO: [VRFC 10-3107] analyzing entity 'Neuron_7'
INFO: [VRFC 10-3107] analyzing entity 'Neuron_70'
INFO: [VRFC 10-3107] analyzing entity 'Neuron_71'
INFO: [VRFC 10-3107] analyzing entity 'Neuron_72'
INFO: [VRFC 10-3107] analyzing entity 'Neuron_73'
INFO: [VRFC 10-3107] analyzing entity 'Neuron_74'
INFO: [VRFC 10-3107] analyzing entity 'Neuron_75'
INFO: [VRFC 10-3107] analyzing entity 'Neuron_76'
INFO: [VRFC 10-3107] analyzing entity 'Neuron_77'
INFO: [VRFC 10-3107] analyzing entity 'Neuron_78'
INFO: [VRFC 10-3107] analyzing entity 'Neuron_79'
INFO: [VRFC 10-3107] analyzing entity 'Neuron_8'
INFO: [VRFC 10-3107] analyzing entity 'Neuron_80'
INFO: [VRFC 10-3107] analyzing entity 'Neuron_81'
INFO: [VRFC 10-3107] analyzing entity 'Neuron_82'
INFO: [VRFC 10-3107] analyzing entity 'Neuron_83'
INFO: [VRFC 10-3107] analyzing entity 'Neuron_84'
INFO: [VRFC 10-3107] analyzing entity 'Neuron_85'
INFO: [VRFC 10-3107] analyzing entity 'Neuron_86'
INFO: [VRFC 10-3107] analyzing entity 'Neuron_87'
INFO: [VRFC 10-3107] analyzing entity 'Neuron_88'
INFO: [VRFC 10-3107] analyzing entity 'Neuron_89'
INFO: [VRFC 10-3107] analyzing entity 'Neuron_9'
INFO: [VRFC 10-3107] analyzing entity 'Neuron_90'
INFO: [VRFC 10-3107] analyzing entity 'Neuron_91'
INFO: [VRFC 10-3107] analyzing entity 'Neuron_92'
INFO: [VRFC 10-3107] analyzing entity 'Neuron_93'
INFO: [VRFC 10-3107] analyzing entity 'Neuron_94'
INFO: [VRFC 10-3107] analyzing entity 'Neuron_95'
INFO: [VRFC 10-3107] analyzing entity 'Neuron_96'
INFO: [VRFC 10-3107] analyzing entity 'Neuron_97'
INFO: [VRFC 10-3107] analyzing entity 'Neuron_98'
INFO: [VRFC 10-3107] analyzing entity 'input_neuron'
INFO: [VRFC 10-3107] analyzing entity 'Second_Layer'
INFO: [VRFC 10-3107] analyzing entity 'input_layer'
INFO: [VRFC 10-3107] analyzing entity 'top_SNN'
INFO: [VRFC 10-163] Analyzing VHDL file "C:/Users/rober/OneDrive/universita/anno2/tirocinio/fpga_implementation/project_1/project_1.srcs/sim_1/new/Neuron_TB.vhd" into library xil_defaultlib
INFO: [VRFC 10-3107] analyzing entity 'Neuron_TB'
INFO: [VRFC 10-163] Analyzing VHDL file "C:/Users/rober/OneDrive/universita/anno2/tirocinio/fpga_implementation/project_1/project_1.srcs/sim_1/new/RAM_Block_TB.vhd" into library xil_defaultlib
INFO: [VRFC 10-3107] analyzing entity 'RAM_Block_TB'
INFO: [VRFC 10-163] Analyzing VHDL file "C:/Users/rober/OneDrive/universita/anno2/tirocinio/fpga_implementation/project_1/project_1.srcs/sim_1/new/Second_Layer_TB.vhd" into library xil_defaultlib
INFO: [VRFC 10-3107] analyzing entity 'Second_Layer_TB'
INFO: [VRFC 10-163] Analyzing VHDL file "C:/Users/rober/OneDrive/universita/anno2/tirocinio/fpga_implementation/project_1/project_1.srcs/sim_1/new/input_layer_tb.vhd" into library xil_defaultlib
INFO: [VRFC 10-3107] analyzing entity 'input_layer_tb'
INFO: [VRFC 10-163] Analyzing VHDL file "C:/Users/rober/OneDrive/universita/anno2/tirocinio/fpga_implementation/project_1/project_1.srcs/sim_1/new/input_neuron_tb.vhd" into library xil_defaultlib
INFO: [VRFC 10-3107] analyzing entity 'input_neuron_tb'
INFO: [VRFC 10-163] Analyzing VHDL file "C:/Users/rober/OneDrive/universita/anno2/tirocinio/fpga_implementation/project_1/project_1.srcs/sim_1/new/interp_tb.vhd" into library xil_defaultlib
INFO: [VRFC 10-3107] analyzing entity 'interp_tb'
INFO: [VRFC 10-163] Analyzing VHDL file "C:/Users/rober/OneDrive/universita/anno2/tirocinio/fpga_implementation/project_1/project_1.srcs/sim_1/new/pre_layer_tb.vhd" into library xil_defaultlib
INFO: [VRFC 10-3107] analyzing entity 'pre_layer_tb'
INFO: [VRFC 10-163] Analyzing VHDL file "C:/Users/rober/OneDrive/universita/anno2/tirocinio/fpga_implementation/project_1/project_1.srcs/sources_1/new/top_SNN_tb.vhd" into library xil_defaultlib
INFO: [VRFC 10-3107] analyzing entity 'top_SNN_tb'
